2024-05-15T09:27:26.821+05:30  INFO 15032 --- [ibm-clinic-eureka-server] [restartedMain] com.ibm.server.App                       : Starting App using Java 17.0.10 with PID 15032 (C:\Users\DiyaTakkar\Documents\Microservices\ibm-microservices-demo-april-2024\ibm-clinic-eureka-server\target\classes started by DiyaTakkar in C:\Users\DiyaTakkar\Documents\Microservices\ibm-microservices-demo-april-2024\ibm-clinic-eureka-server)
2024-05-15T09:27:26.827+05:30  INFO 15032 --- [ibm-clinic-eureka-server] [restartedMain] com.ibm.server.App                       : No active profile set, falling back to 1 default profile: "default"
2024-05-15T09:27:26.907+05:30  INFO 15032 --- [ibm-clinic-eureka-server] [restartedMain] .e.DevToolsPropertyDefaultsPostProcessor : Devtools property defaults active! Set 'spring.devtools.add-properties' to 'false' to disable
2024-05-15T09:27:26.907+05:30  INFO 15032 --- [ibm-clinic-eureka-server] [restartedMain] .e.DevToolsPropertyDefaultsPostProcessor : For additional web related logging consider setting the 'logging.level.web' property to 'DEBUG'
2024-05-15T09:27:28.546+05:30  INFO 15032 --- [ibm-clinic-eureka-server] [restartedMain] o.s.cloud.context.scope.GenericScope     : BeanFactory id=a6643e9d-ef42-38b5-a214-d8034692c974
2024-05-15T09:27:28.625+05:30  WARN 15032 --- [ibm-clinic-eureka-server] [restartedMain] trationDelegate$BeanPostProcessorChecker : Bean 'org.springframework.cloud.client.loadbalancer.LoadBalancerAutoConfiguration$LoadBalancerInterceptorConfig' of type [org.springframework.cloud.client.loadbalancer.LoadBalancerAutoConfiguration$LoadBalancerInterceptorConfig] is not eligible for getting processed by all BeanPostProcessors (for example: not eligible for auto-proxying). The currently created BeanPostProcessor [lbRestClientPostProcessor] is declared through a non-static factory method on that class; consider declaring it as static instead.
2024-05-15T09:27:28.630+05:30  WARN 15032 --- [ibm-clinic-eureka-server] [restartedMain] trationDelegate$BeanPostProcessorChecker : Bean 'org.springframework.cloud.loadbalancer.config.BlockingLoadBalancerClientAutoConfiguration' of type [org.springframework.cloud.loadbalancer.config.BlockingLoadBalancerClientAutoConfiguration] is not eligible for getting processed by all BeanPostProcessors (for example: not eligible for auto-proxying). Is this bean getting eagerly injected into a currently created BeanPostProcessor [lbRestClientPostProcessor]? Check the corresponding BeanPostProcessor declaration and its dependencies.
2024-05-15T09:27:28.632+05:30  WARN 15032 --- [ibm-clinic-eureka-server] [restartedMain] trationDelegate$BeanPostProcessorChecker : Bean 'org.springframework.cloud.loadbalancer.config.LoadBalancerAutoConfiguration' of type [org.springframework.cloud.loadbalancer.config.LoadBalancerAutoConfiguration] is not eligible for getting processed by all BeanPostProcessors (for example: not eligible for auto-proxying). Is this bean getting eagerly injected into a currently created BeanPostProcessor [lbRestClientPostProcessor]? Check the corresponding BeanPostProcessor declaration and its dependencies.
2024-05-15T09:27:28.647+05:30  WARN 15032 --- [ibm-clinic-eureka-server] [restartedMain] trationDelegate$BeanPostProcessorChecker : Bean 'org.springframework.cloud.commons.config.CommonsConfigAutoConfiguration' of type [org.springframework.cloud.commons.config.CommonsConfigAutoConfiguration] is not eligible for getting processed by all BeanPostProcessors (for example: not eligible for auto-proxying). Is this bean getting eagerly injected into a currently created BeanPostProcessor [lbRestClientPostProcessor]? Check the corresponding BeanPostProcessor declaration and its dependencies.
2024-05-15T09:27:28.650+05:30  WARN 15032 --- [ibm-clinic-eureka-server] [restartedMain] trationDelegate$BeanPostProcessorChecker : Bean 'org.springframework.cloud.client.loadbalancer.LoadBalancerDefaultMappingsProviderAutoConfiguration' of type [org.springframework.cloud.client.loadbalancer.LoadBalancerDefaultMappingsProviderAutoConfiguration] is not eligible for getting processed by all BeanPostProcessors (for example: not eligible for auto-proxying). Is this bean getting eagerly injected into a currently created BeanPostProcessor [lbRestClientPostProcessor]? Check the corresponding BeanPostProcessor declaration and its dependencies.
2024-05-15T09:27:28.651+05:30  WARN 15032 --- [ibm-clinic-eureka-server] [restartedMain] trationDelegate$BeanPostProcessorChecker : Bean 'loadBalancerClientsDefaultsMappingsProvider' of type [org.springframework.cloud.client.loadbalancer.LoadBalancerDefaultMappingsProviderAutoConfiguration$$Lambda$553/0x0000000800481358] is not eligible for getting processed by all BeanPostProcessors (for example: not eligible for auto-proxying). Is this bean getting eagerly injected into a currently created BeanPostProcessor [lbRestClientPostProcessor]? Check the corresponding BeanPostProcessor declaration and its dependencies.
2024-05-15T09:27:28.653+05:30  WARN 15032 --- [ibm-clinic-eureka-server] [restartedMain] trationDelegate$BeanPostProcessorChecker : Bean 'defaultsBindHandlerAdvisor' of type [org.springframework.cloud.commons.config.DefaultsBindHandlerAdvisor] is not eligible for getting processed by all BeanPostProcessors (for example: not eligible for auto-proxying). Is this bean getting eagerly injected into a currently created BeanPostProcessor [lbRestClientPostProcessor]? Check the corresponding BeanPostProcessor declaration and its dependencies.
2024-05-15T09:27:28.662+05:30  WARN 15032 --- [ibm-clinic-eureka-server] [restartedMain] trationDelegate$BeanPostProcessorChecker : Bean 'spring.cloud.loadbalancer-org.springframework.cloud.client.loadbalancer.LoadBalancerClientsProperties' of type [org.springframework.cloud.client.loadbalancer.LoadBalancerClientsProperties] is not eligible for getting processed by all BeanPostProcessors (for example: not eligible for auto-proxying). Is this bean getting eagerly injected into a currently created BeanPostProcessor [lbRestClientPostProcessor]? Check the corresponding BeanPostProcessor declaration and its dependencies.
2024-05-15T09:27:28.673+05:30  WARN 15032 --- [ibm-clinic-eureka-server] [restartedMain] trationDelegate$BeanPostProcessorChecker : Bean 'default.org.springframework.cloud.loadbalancer.config.LoadBalancerAutoConfiguration.LoadBalancerClientSpecification' of type [org.springframework.cloud.loadbalancer.annotation.LoadBalancerClientSpecification] is not eligible for getting processed by all BeanPostProcessors (for example: not eligible for auto-proxying). Is this bean getting eagerly injected into a currently created BeanPostProcessor [lbRestClientPostProcessor]? Check the corresponding BeanPostProcessor declaration and its dependencies.
2024-05-15T09:27:28.675+05:30  WARN 15032 --- [ibm-clinic-eureka-server] [restartedMain] trationDelegate$BeanPostProcessorChecker : Bean 'default.org.springframework.cloud.loadbalancer.config.BlockingLoadBalancerClientAutoConfiguration.LoadBalancerClientSpecification' of type [org.springframework.cloud.loadbalancer.annotation.LoadBalancerClientSpecification] is not eligible for getting processed by all BeanPostProcessors (for example: not eligible for auto-proxying). Is this bean getting eagerly injected into a currently created BeanPostProcessor [lbRestClientPostProcessor]? Check the corresponding BeanPostProcessor declaration and its dependencies.
2024-05-15T09:27:28.675+05:30  WARN 15032 --- [ibm-clinic-eureka-server] [restartedMain] trationDelegate$BeanPostProcessorChecker : Bean 'default.org.springframework.cloud.netflix.eureka.loadbalancer.LoadBalancerEurekaAutoConfiguration.LoadBalancerClientSpecification' of type [org.springframework.cloud.loadbalancer.annotation.LoadBalancerClientSpecification] is not eligible for getting processed by all BeanPostProcessors (for example: not eligible for auto-proxying). Is this bean getting eagerly injected into a currently created BeanPostProcessor [lbRestClientPostProcessor]? Check the corresponding BeanPostProcessor declaration and its dependencies.
2024-05-15T09:27:28.678+05:30  WARN 15032 --- [ibm-clinic-eureka-server] [restartedMain] trationDelegate$BeanPostProcessorChecker : Bean 'loadBalancerClientFactory' of type [org.springframework.cloud.loadbalancer.support.LoadBalancerClientFactory] is not eligible for getting processed by all BeanPostProcessors (for example: not eligible for auto-proxying). Is this bean getting eagerly injected into a currently created BeanPostProcessor [lbRestClientPostProcessor]? Check the corresponding BeanPostProcessor declaration and its dependencies.
2024-05-15T09:27:28.682+05:30  WARN 15032 --- [ibm-clinic-eureka-server] [restartedMain] trationDelegate$BeanPostProcessorChecker : Bean 'blockingLoadBalancerClient' of type [org.springframework.cloud.loadbalancer.blocking.client.BlockingLoadBalancerClient] is not eligible for getting processed by all BeanPostProcessors (for example: not eligible for auto-proxying). Is this bean getting eagerly injected into a currently created BeanPostProcessor [lbRestClientPostProcessor]? Check the corresponding BeanPostProcessor declaration and its dependencies.
2024-05-15T09:27:28.693+05:30  WARN 15032 --- [ibm-clinic-eureka-server] [restartedMain] trationDelegate$BeanPostProcessorChecker : Bean 'loadBalancerServiceInstanceCookieTransformer' of type [org.springframework.cloud.loadbalancer.core.LoadBalancerServiceInstanceCookieTransformer] is not eligible for getting processed by all BeanPostProcessors (for example: not eligible for auto-proxying). Is this bean getting eagerly injected into a currently created BeanPostProcessor [lbRestClientPostProcessor]? Check the corresponding BeanPostProcessor declaration and its dependencies.
2024-05-15T09:27:28.694+05:30  WARN 15032 --- [ibm-clinic-eureka-server] [restartedMain] trationDelegate$BeanPostProcessorChecker : Bean 'xForwarderHeadersTransformer' of type [org.springframework.cloud.loadbalancer.blocking.XForwardedHeadersTransformer] is not eligible for getting processed by all BeanPostProcessors (for example: not eligible for auto-proxying). Is this bean getting eagerly injected into a currently created BeanPostProcessor [lbRestClientPostProcessor]? Check the corresponding BeanPostProcessor declaration and its dependencies.
2024-05-15T09:27:28.695+05:30  WARN 15032 --- [ibm-clinic-eureka-server] [restartedMain] trationDelegate$BeanPostProcessorChecker : Bean 'org.springframework.cloud.client.loadbalancer.LoadBalancerAutoConfiguration' of type [org.springframework.cloud.client.loadbalancer.LoadBalancerAutoConfiguration] is not eligible for getting processed by all BeanPostProcessors (for example: not eligible for auto-proxying). Is this bean getting eagerly injected into a currently created BeanPostProcessor [lbRestClientPostProcessor]? Check the corresponding BeanPostProcessor declaration and its dependencies.
2024-05-15T09:27:28.696+05:30  WARN 15032 --- [ibm-clinic-eureka-server] [restartedMain] trationDelegate$BeanPostProcessorChecker : Bean 'loadBalancerRequestFactory' of type [org.springframework.cloud.client.loadbalancer.LoadBalancerRequestFactory] is not eligible for getting processed by all BeanPostProcessors (for example: not eligible for auto-proxying). Is this bean getting eagerly injected into a currently created BeanPostProcessor [lbRestClientPostProcessor]? Check the corresponding BeanPostProcessor declaration and its dependencies.
2024-05-15T09:27:28.698+05:30  WARN 15032 --- [ibm-clinic-eureka-server] [restartedMain] trationDelegate$BeanPostProcessorChecker : Bean 'loadBalancerInterceptor' of type [org.springframework.cloud.client.loadbalancer.LoadBalancerInterceptor] is not eligible for getting processed by all BeanPostProcessors (for example: not eligible for auto-proxying). Is this bean getting eagerly injected into a currently created BeanPostProcessor [lbRestClientPostProcessor]? Check the corresponding BeanPostProcessor declaration and its dependencies.
2024-05-15T09:27:29.227+05:30  INFO 15032 --- [ibm-clinic-eureka-server] [restartedMain] o.s.b.w.embedded.tomcat.TomcatWebServer  : Tomcat initialized with port 8761 (http)
2024-05-15T09:27:29.247+05:30  INFO 15032 --- [ibm-clinic-eureka-server] [restartedMain] o.apache.catalina.core.StandardService   : Starting service [Tomcat]
2024-05-15T09:27:29.248+05:30  INFO 15032 --- [ibm-clinic-eureka-server] [restartedMain] o.apache.catalina.core.StandardEngine    : Starting Servlet engine: [Apache Tomcat/10.1.19]
2024-05-15T09:27:29.355+05:30  INFO 15032 --- [ibm-clinic-eureka-server] [restartedMain] o.a.c.c.C.[Tomcat].[localhost].[/]       : Initializing Spring embedded WebApplicationContext
2024-05-15T09:27:29.355+05:30  INFO 15032 --- [ibm-clinic-eureka-server] [restartedMain] w.s.c.ServletWebServerApplicationContext : Root WebApplicationContext: initialization completed in 2447 ms
2024-05-15T09:27:30.593+05:30  INFO 15032 --- [ibm-clinic-eureka-server] [restartedMain] c.n.d.provider.DiscoveryJerseyProvider   : Using JSON encoding codec LegacyJacksonJson
2024-05-15T09:27:30.595+05:30  INFO 15032 --- [ibm-clinic-eureka-server] [restartedMain] c.n.d.provider.DiscoveryJerseyProvider   : Using JSON decoding codec LegacyJacksonJson
2024-05-15T09:27:30.848+05:30  INFO 15032 --- [ibm-clinic-eureka-server] [restartedMain] c.n.d.provider.DiscoveryJerseyProvider   : Using XML encoding codec XStreamXml
2024-05-15T09:27:30.848+05:30  INFO 15032 --- [ibm-clinic-eureka-server] [restartedMain] c.n.d.provider.DiscoveryJerseyProvider   : Using XML decoding codec XStreamXml
2024-05-15T09:27:32.193+05:30  INFO 15032 --- [ibm-clinic-eureka-server] [restartedMain] o.s.b.d.a.OptionalLiveReloadServer       : LiveReload server is running on port 35729
2024-05-15T09:27:32.437+05:30  WARN 15032 --- [ibm-clinic-eureka-server] [restartedMain] iguration$LoadBalancerCaffeineWarnLogger : Spring Cloud LoadBalancer is currently working with the default cache. While this cache implementation is useful for development and tests, it's recommended to use Caffeine cache in production.You can switch to using Caffeine cache, by adding it and org.springframework.cache.caffeine.CaffeineCacheManager to the classpath.
2024-05-15T09:27:32.461+05:30  INFO 15032 --- [ibm-clinic-eureka-server] [restartedMain] o.s.c.n.eureka.InstanceInfoFactory       : Setting initial instance status as: STARTING
2024-05-15T09:27:32.503+05:30  INFO 15032 --- [ibm-clinic-eureka-server] [restartedMain] com.netflix.discovery.DiscoveryClient    : Initializing Eureka in region us-east-1
2024-05-15T09:27:32.503+05:30  INFO 15032 --- [ibm-clinic-eureka-server] [restartedMain] com.netflix.discovery.DiscoveryClient    : Client configured to neither register nor query for data.
2024-05-15T09:27:32.517+05:30  INFO 15032 --- [ibm-clinic-eureka-server] [restartedMain] com.netflix.discovery.DiscoveryClient    : Discovery Client initialized at timestamp 1715745452516 with initial instances count: 0
2024-05-15T09:27:32.571+05:30  INFO 15032 --- [ibm-clinic-eureka-server] [restartedMain] c.n.eureka.DefaultEurekaServerContext    : Initializing ...
2024-05-15T09:27:32.573+05:30  INFO 15032 --- [ibm-clinic-eureka-server] [restartedMain] c.n.eureka.cluster.PeerEurekaNodes       : Adding new peer nodes [http://localhost:8761/eureka/]
2024-05-15T09:27:32.718+05:30  INFO 15032 --- [ibm-clinic-eureka-server] [restartedMain] c.n.d.provider.DiscoveryJerseyProvider   : Using JSON encoding codec LegacyJacksonJson
2024-05-15T09:27:32.719+05:30  INFO 15032 --- [ibm-clinic-eureka-server] [restartedMain] c.n.d.provider.DiscoveryJerseyProvider   : Using JSON decoding codec LegacyJacksonJson
2024-05-15T09:27:32.719+05:30  INFO 15032 --- [ibm-clinic-eureka-server] [restartedMain] c.n.d.provider.DiscoveryJerseyProvider   : Using XML encoding codec XStreamXml
2024-05-15T09:27:32.719+05:30  INFO 15032 --- [ibm-clinic-eureka-server] [restartedMain] c.n.d.provider.DiscoveryJerseyProvider   : Using XML decoding codec XStreamXml
2024-05-15T09:27:32.783+05:30  INFO 15032 --- [ibm-clinic-eureka-server] [restartedMain] c.n.eureka.cluster.PeerEurekaNodes       : Replica node URL:  http://localhost:8761/eureka/
2024-05-15T09:27:32.794+05:30  INFO 15032 --- [ibm-clinic-eureka-server] [restartedMain] c.n.e.registry.AbstractInstanceRegistry  : Finished initializing remote region registries. All known remote regions: []
2024-05-15T09:27:32.796+05:30  INFO 15032 --- [ibm-clinic-eureka-server] [restartedMain] c.n.eureka.DefaultEurekaServerContext    : Initialized
2024-05-15T09:27:32.803+05:30  INFO 15032 --- [ibm-clinic-eureka-server] [restartedMain] o.s.b.a.e.web.EndpointLinksResolver      : Exposing 1 endpoint(s) beneath base path '/actuator'
2024-05-15T09:27:32.894+05:30  INFO 15032 --- [ibm-clinic-eureka-server] [restartedMain] o.s.c.n.e.s.EurekaServiceRegistry        : Registering application IBM-CLINIC-EUREKA-SERVER with eureka with status UP
2024-05-15T09:27:32.911+05:30  INFO 15032 --- [ibm-clinic-eureka-server] [Thread-15] o.s.c.n.e.server.EurekaServerBootstrap   : isAws returned false
2024-05-15T09:27:32.912+05:30  INFO 15032 --- [ibm-clinic-eureka-server] [Thread-15] o.s.c.n.e.server.EurekaServerBootstrap   : Initialized server context
2024-05-15T09:27:32.912+05:30  INFO 15032 --- [ibm-clinic-eureka-server] [Thread-15] c.n.e.r.PeerAwareInstanceRegistryImpl    : Got 1 instances from neighboring DS node
2024-05-15T09:27:32.912+05:30  INFO 15032 --- [ibm-clinic-eureka-server] [Thread-15] c.n.e.r.PeerAwareInstanceRegistryImpl    : Renew threshold is: 1
2024-05-15T09:27:32.912+05:30  INFO 15032 --- [ibm-clinic-eureka-server] [Thread-15] c.n.e.r.PeerAwareInstanceRegistryImpl    : Changing status to UP
2024-05-15T09:27:32.923+05:30  INFO 15032 --- [ibm-clinic-eureka-server] [Thread-15] e.s.EurekaServerInitializerConfiguration : Started Eureka Server
2024-05-15T09:27:32.933+05:30  INFO 15032 --- [ibm-clinic-eureka-server] [restartedMain] o.s.b.w.embedded.tomcat.TomcatWebServer  : Tomcat started on port 8761 (http) with context path ''
2024-05-15T09:27:32.934+05:30  INFO 15032 --- [ibm-clinic-eureka-server] [restartedMain] .s.c.n.e.s.EurekaAutoServiceRegistration : Updating port to 8761
2024-05-15T09:27:33.192+05:30  INFO 15032 --- [ibm-clinic-eureka-server] [restartedMain] com.ibm.server.App                       : Started App in 7.188 seconds (process running for 8.57)
2024-05-15T09:27:33.203+05:30  INFO 15032 --- [ibm-clinic-eureka-server] [restartedMain] com.ibm.server.App                       : Started.
2024-05-15T09:27:34.329+05:30  INFO 15032 --- [ibm-clinic-eureka-server] [RMI TCP Connection(9)-127.0.0.1] o.a.c.c.C.[Tomcat].[localhost].[/]       : Initializing Spring DispatcherServlet 'dispatcherServlet'
2024-05-15T09:27:34.329+05:30  INFO 15032 --- [ibm-clinic-eureka-server] [RMI TCP Connection(9)-127.0.0.1] o.s.web.servlet.DispatcherServlet        : Initializing Servlet 'dispatcherServlet'
2024-05-15T09:27:34.331+05:30  INFO 15032 --- [ibm-clinic-eureka-server] [RMI TCP Connection(9)-127.0.0.1] o.s.web.servlet.DispatcherServlet        : Completed initialization in 2 ms
2024-05-15T09:28:03.755+05:30  INFO 15032 --- [ibm-clinic-eureka-server] [http-nio-8761-exec-2] c.n.e.registry.AbstractInstanceRegistry  : Registered instance IBM-CLINIC-API-GATEWAY/IBM-PF4SWX09.im9d-in.ibmmobiledemo.com:ibm-clinic-api-gateway:9001 with status UP (replication=false)
2024-05-15T09:28:04.441+05:30  INFO 15032 --- [ibm-clinic-eureka-server] [http-nio-8761-exec-3] c.n.e.registry.AbstractInstanceRegistry  : Registered instance IBM-CLINIC-API-GATEWAY/IBM-PF4SWX09.im9d-in.ibmmobiledemo.com:ibm-clinic-api-gateway:9001 with status UP (replication=true)
2024-05-15T09:28:19.535+05:30  INFO 15032 --- [ibm-clinic-eureka-server] [http-nio-8761-exec-5] c.n.e.registry.AbstractInstanceRegistry  : Registered instance IBM-DOCTOR-SERVICE/IBM-PF4SWX09.im9d-in.ibmmobiledemo.com:ibm-doctor-service:9003 with status UP (replication=false)
2024-05-15T09:28:20.052+05:30  INFO 15032 --- [ibm-clinic-eureka-server] [http-nio-8761-exec-4] c.n.e.registry.AbstractInstanceRegistry  : Registered instance IBM-DOCTOR-SERVICE/IBM-PF4SWX09.im9d-in.ibmmobiledemo.com:ibm-doctor-service:9003 with status UP (replication=true)
2024-05-15T09:28:32.913+05:30  INFO 15032 --- [ibm-clinic-eureka-server] [Eureka-EvictionTimer] c.n.e.registry.AbstractInstanceRegistry  : Running the evict task with compensationTime 0ms
2024-05-15T09:29:32.914+05:30  INFO 15032 --- [ibm-clinic-eureka-server] [Eureka-EvictionTimer] c.n.e.registry.AbstractInstanceRegistry  : Running the evict task with compensationTime 0ms
2024-05-15T09:30:32.916+05:30  INFO 15032 --- [ibm-clinic-eureka-server] [Eureka-EvictionTimer] c.n.e.registry.AbstractInstanceRegistry  : Running the evict task with compensationTime 2ms
2024-05-15T09:31:32.927+05:30  INFO 15032 --- [ibm-clinic-eureka-server] [Eureka-EvictionTimer] c.n.e.registry.AbstractInstanceRegistry  : Running the evict task with compensationTime 10ms
2024-05-15T09:32:32.951+05:30  INFO 15032 --- [ibm-clinic-eureka-server] [Eureka-EvictionTimer] c.n.e.registry.AbstractInstanceRegistry  : Running the evict task with compensationTime 24ms
2024-05-15T09:33:32.952+05:30  INFO 15032 --- [ibm-clinic-eureka-server] [Eureka-EvictionTimer] c.n.e.registry.AbstractInstanceRegistry  : Running the evict task with compensationTime 0ms
2024-05-15T09:34:32.953+05:30  INFO 15032 --- [ibm-clinic-eureka-server] [Eureka-EvictionTimer] c.n.e.registry.AbstractInstanceRegistry  : Running the evict task with compensationTime 0ms
2024-05-15T09:35:32.957+05:30  INFO 15032 --- [ibm-clinic-eureka-server] [Eureka-EvictionTimer] c.n.e.registry.AbstractInstanceRegistry  : Running the evict task with compensationTime 4ms
2024-05-15T09:36:32.964+05:30  INFO 15032 --- [ibm-clinic-eureka-server] [Eureka-EvictionTimer] c.n.e.registry.AbstractInstanceRegistry  : Running the evict task with compensationTime 7ms
2024-05-15T09:37:32.969+05:30  INFO 15032 --- [ibm-clinic-eureka-server] [Eureka-EvictionTimer] c.n.e.registry.AbstractInstanceRegistry  : Running the evict task with compensationTime 4ms
2024-05-15T09:38:32.972+05:30  INFO 15032 --- [ibm-clinic-eureka-server] [Eureka-EvictionTimer] c.n.e.registry.AbstractInstanceRegistry  : Running the evict task with compensationTime 4ms
2024-05-15T09:39:32.976+05:30  INFO 15032 --- [ibm-clinic-eureka-server] [Eureka-EvictionTimer] c.n.e.registry.AbstractInstanceRegistry  : Running the evict task with compensationTime 3ms
2024-05-15T09:40:32.990+05:30  INFO 15032 --- [ibm-clinic-eureka-server] [Eureka-EvictionTimer] c.n.e.registry.AbstractInstanceRegistry  : Running the evict task with compensationTime 13ms
2024-05-15T09:41:33.004+05:30  INFO 15032 --- [ibm-clinic-eureka-server] [Eureka-EvictionTimer] c.n.e.registry.AbstractInstanceRegistry  : Running the evict task with compensationTime 14ms
2024-05-15T09:42:32.794+05:30  INFO 15032 --- [ibm-clinic-eureka-server] [ReplicaAwareInstanceRegistry - RenewalThresholdUpdater] c.n.e.r.PeerAwareInstanceRegistryImpl    : Current renewal threshold is : 5
2024-05-15T09:42:33.006+05:30  INFO 15032 --- [ibm-clinic-eureka-server] [Eureka-EvictionTimer] c.n.e.registry.AbstractInstanceRegistry  : Running the evict task with compensationTime 1ms
2024-05-15T09:43:33.006+05:30  INFO 15032 --- [ibm-clinic-eureka-server] [Eureka-EvictionTimer] c.n.e.registry.AbstractInstanceRegistry  : Running the evict task with compensationTime 0ms
2024-05-15T09:44:33.006+05:30  INFO 15032 --- [ibm-clinic-eureka-server] [Eureka-EvictionTimer] c.n.e.registry.AbstractInstanceRegistry  : Running the evict task with compensationTime 0ms
2024-05-15T09:45:33.015+05:30  INFO 15032 --- [ibm-clinic-eureka-server] [Eureka-EvictionTimer] c.n.e.registry.AbstractInstanceRegistry  : Running the evict task with compensationTime 8ms
2024-05-15T09:46:33.021+05:30  INFO 15032 --- [ibm-clinic-eureka-server] [Eureka-EvictionTimer] c.n.e.registry.AbstractInstanceRegistry  : Running the evict task with compensationTime 6ms
2024-05-15T09:47:31.292+05:30  INFO 15032 --- [ibm-clinic-eureka-server] [http-nio-8761-exec-8] c.n.e.registry.AbstractInstanceRegistry  : Registered instance IBM-APPOINTMENT-SERVICE/IBM-PF4SWX09.in.ibm.com:ibm-appointment-service:9002 with status UP (replication=false)
2024-05-15T09:47:31.824+05:30  INFO 15032 --- [ibm-clinic-eureka-server] [http-nio-8761-exec-10] c.n.e.registry.AbstractInstanceRegistry  : Registered instance IBM-APPOINTMENT-SERVICE/IBM-PF4SWX09.in.ibm.com:ibm-appointment-service:9002 with status UP (replication=true)
2024-05-15T09:47:33.022+05:30  INFO 15032 --- [ibm-clinic-eureka-server] [Eureka-EvictionTimer] c.n.e.registry.AbstractInstanceRegistry  : Running the evict task with compensationTime 1ms
2024-05-15T09:48:33.033+05:30  INFO 15032 --- [ibm-clinic-eureka-server] [Eureka-EvictionTimer] c.n.e.registry.AbstractInstanceRegistry  : Running the evict task with compensationTime 10ms
2024-05-15T09:49:33.046+05:30  INFO 15032 --- [ibm-clinic-eureka-server] [Eureka-EvictionTimer] c.n.e.registry.AbstractInstanceRegistry  : Running the evict task with compensationTime 13ms
2024-05-15T09:50:33.055+05:30  INFO 15032 --- [ibm-clinic-eureka-server] [Eureka-EvictionTimer] c.n.e.registry.AbstractInstanceRegistry  : Running the evict task with compensationTime 8ms
2024-05-15T09:51:33.059+05:30  INFO 15032 --- [ibm-clinic-eureka-server] [Eureka-EvictionTimer] c.n.e.registry.AbstractInstanceRegistry  : Running the evict task with compensationTime 3ms
2024-05-15T09:52:33.070+05:30  INFO 15032 --- [ibm-clinic-eureka-server] [Eureka-EvictionTimer] c.n.e.registry.AbstractInstanceRegistry  : Running the evict task with compensationTime 11ms
2024-05-15T09:53:33.074+05:30  INFO 15032 --- [ibm-clinic-eureka-server] [Eureka-EvictionTimer] c.n.e.registry.AbstractInstanceRegistry  : Running the evict task with compensationTime 3ms
2024-05-15T09:54:33.080+05:30  INFO 15032 --- [ibm-clinic-eureka-server] [Eureka-EvictionTimer] c.n.e.registry.AbstractInstanceRegistry  : Running the evict task with compensationTime 6ms
2024-05-15T09:55:33.083+05:30  INFO 15032 --- [ibm-clinic-eureka-server] [Eureka-EvictionTimer] c.n.e.registry.AbstractInstanceRegistry  : Running the evict task with compensationTime 3ms
2024-05-15T09:56:33.092+05:30  INFO 15032 --- [ibm-clinic-eureka-server] [Eureka-EvictionTimer] c.n.e.registry.AbstractInstanceRegistry  : Running the evict task with compensationTime 8ms
2024-05-15T09:57:32.801+05:30  INFO 15032 --- [ibm-clinic-eureka-server] [ReplicaAwareInstanceRegistry - RenewalThresholdUpdater] c.n.e.r.PeerAwareInstanceRegistryImpl    : Current renewal threshold is : 6
2024-05-15T09:57:33.100+05:30  INFO 15032 --- [ibm-clinic-eureka-server] [Eureka-EvictionTimer] c.n.e.registry.AbstractInstanceRegistry  : Running the evict task with compensationTime 7ms
2024-05-15T09:58:33.103+05:30  INFO 15032 --- [ibm-clinic-eureka-server] [Eureka-EvictionTimer] c.n.e.registry.AbstractInstanceRegistry  : Running the evict task with compensationTime 3ms
2024-05-15T09:59:33.104+05:30  INFO 15032 --- [ibm-clinic-eureka-server] [Eureka-EvictionTimer] c.n.e.registry.AbstractInstanceRegistry  : Running the evict task with compensationTime 0ms
2024-05-15T10:00:33.105+05:30  INFO 15032 --- [ibm-clinic-eureka-server] [Eureka-EvictionTimer] c.n.e.registry.AbstractInstanceRegistry  : Running the evict task with compensationTime 0ms
2024-05-15T10:01:33.119+05:30  INFO 15032 --- [ibm-clinic-eureka-server] [Eureka-EvictionTimer] c.n.e.registry.AbstractInstanceRegistry  : Running the evict task with compensationTime 13ms
2024-05-15T10:02:33.130+05:30  INFO 15032 --- [ibm-clinic-eureka-server] [Eureka-EvictionTimer] c.n.e.registry.AbstractInstanceRegistry  : Running the evict task with compensationTime 11ms
2024-05-15T10:03:33.146+05:30  INFO 15032 --- [ibm-clinic-eureka-server] [Eureka-EvictionTimer] c.n.e.registry.AbstractInstanceRegistry  : Running the evict task with compensationTime 15ms
2024-05-15T10:04:33.154+05:30  INFO 15032 --- [ibm-clinic-eureka-server] [Eureka-EvictionTimer] c.n.e.registry.AbstractInstanceRegistry  : Running the evict task with compensationTime 8ms
2024-05-15T10:05:33.158+05:30  INFO 15032 --- [ibm-clinic-eureka-server] [Eureka-EvictionTimer] c.n.e.registry.AbstractInstanceRegistry  : Running the evict task with compensationTime 3ms
2024-05-15T10:06:33.168+05:30  INFO 15032 --- [ibm-clinic-eureka-server] [Eureka-EvictionTimer] c.n.e.registry.AbstractInstanceRegistry  : Running the evict task with compensationTime 10ms
2024-05-15T10:07:33.168+05:30  INFO 15032 --- [ibm-clinic-eureka-server] [Eureka-EvictionTimer] c.n.e.registry.AbstractInstanceRegistry  : Running the evict task with compensationTime 0ms
2024-05-15T10:07:51.498+05:30  INFO 15032 --- [ibm-clinic-eureka-server] [http-nio-8761-exec-9] c.n.e.registry.AbstractInstanceRegistry  : Registered instance IBM-APPOINTMENT-SERVICE/IBM-PF4SWX09.in.ibm.com:ibm-appointment-service:9002 with status DOWN (replication=false)
2024-05-15T10:07:52.002+05:30  INFO 15032 --- [ibm-clinic-eureka-server] [http-nio-8761-exec-6] c.n.e.registry.AbstractInstanceRegistry  : Registered instance IBM-APPOINTMENT-SERVICE/IBM-PF4SWX09.in.ibm.com:ibm-appointment-service:9002 with status DOWN (replication=true)
2024-05-15T10:07:54.551+05:30  INFO 15032 --- [ibm-clinic-eureka-server] [http-nio-8761-exec-3] c.n.e.registry.AbstractInstanceRegistry  : Cancelled instance IBM-APPOINTMENT-SERVICE/IBM-PF4SWX09.in.ibm.com:ibm-appointment-service:9002 (replication=false)
2024-05-15T10:07:55.078+05:30  WARN 15032 --- [ibm-clinic-eureka-server] [http-nio-8761-exec-5] c.n.e.registry.AbstractInstanceRegistry  : DS: Registry: cancel failed because Lease is not registered for: IBM-APPOINTMENT-SERVICE/IBM-PF4SWX09.in.ibm.com:ibm-appointment-service:9002
2024-05-15T10:07:55.078+05:30  INFO 15032 --- [ibm-clinic-eureka-server] [http-nio-8761-exec-5] c.n.eureka.resources.InstanceResource    : Not Found (Cancel): IBM-APPOINTMENT-SERVICE - IBM-PF4SWX09.in.ibm.com:ibm-appointment-service:9002
2024-05-15T10:07:55.079+05:30  WARN 15032 --- [ibm-clinic-eureka-server] [TaskBatchingWorker-target_localhost-5] c.n.eureka.cluster.ReplicationTask       : The replication of task IBM-APPOINTMENT-SERVICE/IBM-PF4SWX09.in.ibm.com:ibm-appointment-service:9002:Cancel@localhost failed with response code 404
2024-05-15T10:07:55.079+05:30  WARN 15032 --- [ibm-clinic-eureka-server] [TaskBatchingWorker-target_localhost-5] c.netflix.eureka.cluster.PeerEurekaNode  : IBM-APPOINTMENT-SERVICE/IBM-PF4SWX09.in.ibm.com:ibm-appointment-service:9002:Cancel@localhost: missing entry.
2024-05-15T10:07:55.465+05:30  INFO 15032 --- [ibm-clinic-eureka-server] [http-nio-8761-exec-4] c.n.e.registry.AbstractInstanceRegistry  : Registered instance IBM-APPOINTMENT-SERVICE/IBM-PF4SWX09.in.ibm.com:ibm-appointment-service:9002 with status UP (replication=false)
2024-05-15T10:07:55.978+05:30  INFO 15032 --- [ibm-clinic-eureka-server] [http-nio-8761-exec-9] c.n.e.registry.AbstractInstanceRegistry  : Registered instance IBM-APPOINTMENT-SERVICE/IBM-PF4SWX09.in.ibm.com:ibm-appointment-service:9002 with status UP (replication=true)
2024-05-15T10:08:33.178+05:30  INFO 15032 --- [ibm-clinic-eureka-server] [Eureka-EvictionTimer] c.n.e.registry.AbstractInstanceRegistry  : Running the evict task with compensationTime 10ms
2024-05-15T10:08:36.840+05:30  INFO 15032 --- [ibm-clinic-eureka-server] [http-nio-8761-exec-6] c.n.e.registry.AbstractInstanceRegistry  : Registered instance IBM-APPOINTMENT-SERVICE/IBM-PF4SWX09.in.ibm.com:ibm-appointment-service:9002 with status DOWN (replication=false)
2024-05-15T10:08:36.844+05:30  INFO 15032 --- [ibm-clinic-eureka-server] [http-nio-8761-exec-2] c.n.e.registry.AbstractInstanceRegistry  : Cancelled instance IBM-APPOINTMENT-SERVICE/IBM-PF4SWX09.in.ibm.com:ibm-appointment-service:9002 (replication=false)
2024-05-15T10:08:37.352+05:30  INFO 15032 --- [ibm-clinic-eureka-server] [http-nio-8761-exec-5] c.n.e.registry.AbstractInstanceRegistry  : Registered instance IBM-APPOINTMENT-SERVICE/IBM-PF4SWX09.in.ibm.com:ibm-appointment-service:9002 with status DOWN (replication=true)
2024-05-15T10:08:37.352+05:30  INFO 15032 --- [ibm-clinic-eureka-server] [http-nio-8761-exec-5] c.n.e.registry.AbstractInstanceRegistry  : Cancelled instance IBM-APPOINTMENT-SERVICE/IBM-PF4SWX09.in.ibm.com:ibm-appointment-service:9002 (replication=true)
2024-05-15T10:08:37.463+05:30  INFO 15032 --- [ibm-clinic-eureka-server] [http-nio-8761-exec-4] c.n.e.registry.AbstractInstanceRegistry  : Registered instance IBM-APPOINTMENT-SERVICE/IBM-PF4SWX09.in.ibm.com:ibm-appointment-service:9002 with status UP (replication=false)
2024-05-15T10:08:37.970+05:30  INFO 15032 --- [ibm-clinic-eureka-server] [http-nio-8761-exec-9] c.n.e.registry.AbstractInstanceRegistry  : Registered instance IBM-APPOINTMENT-SERVICE/IBM-PF4SWX09.in.ibm.com:ibm-appointment-service:9002 with status UP (replication=true)
2024-05-15T10:09:33.185+05:30  INFO 15032 --- [ibm-clinic-eureka-server] [Eureka-EvictionTimer] c.n.e.registry.AbstractInstanceRegistry  : Running the evict task with compensationTime 6ms
2024-05-15T10:10:33.186+05:30  INFO 15032 --- [ibm-clinic-eureka-server] [Eureka-EvictionTimer] c.n.e.registry.AbstractInstanceRegistry  : Running the evict task with compensationTime 1ms
2024-05-15T10:11:33.198+05:30  INFO 15032 --- [ibm-clinic-eureka-server] [Eureka-EvictionTimer] c.n.e.registry.AbstractInstanceRegistry  : Running the evict task with compensationTime 11ms
2024-05-15T10:12:32.809+05:30  INFO 15032 --- [ibm-clinic-eureka-server] [ReplicaAwareInstanceRegistry - RenewalThresholdUpdater] c.n.e.r.PeerAwareInstanceRegistryImpl    : Current renewal threshold is : 6
2024-05-15T10:12:33.204+05:30  INFO 15032 --- [ibm-clinic-eureka-server] [Eureka-EvictionTimer] c.n.e.registry.AbstractInstanceRegistry  : Running the evict task with compensationTime 6ms
2024-05-15T10:13:33.208+05:30  INFO 15032 --- [ibm-clinic-eureka-server] [Eureka-EvictionTimer] c.n.e.registry.AbstractInstanceRegistry  : Running the evict task with compensationTime 4ms
2024-05-15T10:14:33.222+05:30  INFO 15032 --- [ibm-clinic-eureka-server] [Eureka-EvictionTimer] c.n.e.registry.AbstractInstanceRegistry  : Running the evict task with compensationTime 13ms
2024-05-15T10:15:29.979+05:30  INFO 15032 --- [ibm-clinic-eureka-server] [RMI TCP Connection(57)-127.0.0.1] inMXBeanRegistrar$SpringApplicationAdmin : Application shutdown requested.
2024-05-15T10:15:29.985+05:30  INFO 15032 --- [ibm-clinic-eureka-server] [RMI TCP Connection(57)-127.0.0.1] o.s.c.n.e.s.EurekaServiceRegistry        : Unregistering application IBM-CLINIC-EUREKA-SERVER with eureka with status DOWN
2024-05-15T10:15:30.052+05:30  INFO 15032 --- [ibm-clinic-eureka-server] [RMI TCP Connection(57)-127.0.0.1] o.s.c.n.e.server.EurekaServerBootstrap   : Shutting down Eureka Server..
2024-05-15T10:15:30.062+05:30  INFO 15032 --- [ibm-clinic-eureka-server] [RMI TCP Connection(57)-127.0.0.1] c.n.eureka.DefaultEurekaServerContext    : Shutting down ...
2024-05-15T10:15:30.064+05:30  INFO 15032 --- [ibm-clinic-eureka-server] [RMI TCP Connection(57)-127.0.0.1] com.netflix.servo.monitor.StatsMonitor   : Attempting to get the value for an expired monitor: eurekaServer.replication.batchSize.Will start computing stats again.
2024-05-15T10:15:30.067+05:30  INFO 15032 --- [ibm-clinic-eureka-server] [RMI TCP Connection(57)-127.0.0.1] com.netflix.servo.monitor.StatsMonitor   : Attempting to get the value for an expired monitor: eurekaServer.replication.executionTime.Will start computing stats again.
2024-05-15T10:15:30.068+05:30  INFO 15032 --- [ibm-clinic-eureka-server] [RMI TCP Connection(57)-127.0.0.1] com.netflix.servo.monitor.StatsMonitor   : Attempting to get the value for an expired monitor: eurekaServer.replication.executionTime.Will start computing stats again.
2024-05-15T10:15:30.069+05:30  INFO 15032 --- [ibm-clinic-eureka-server] [RMI TCP Connection(57)-127.0.0.1] com.netflix.servo.monitor.StatsMonitor   : Attempting to get the value for an expired monitor: eurekaServer.replication.batchSize.Will start computing stats again.
2024-05-15T10:15:30.100+05:30  INFO 15032 --- [ibm-clinic-eureka-server] [RMI TCP Connection(57)-127.0.0.1] c.n.eureka.DefaultEurekaServerContext    : Shut down
2024-05-15T10:15:30.101+05:30  INFO 15032 --- [ibm-clinic-eureka-server] [RMI TCP Connection(57)-127.0.0.1] o.s.c.n.e.server.EurekaServerBootstrap   : Eureka Service is now shutdown...
2024-05-15T10:15:30.104+05:30  INFO 15032 --- [ibm-clinic-eureka-server] [RMI TCP Connection(57)-127.0.0.1] c.n.eureka.DefaultEurekaServerContext    : Shutting down ...
2024-05-15T10:15:30.120+05:30  INFO 15032 --- [ibm-clinic-eureka-server] [RMI TCP Connection(57)-127.0.0.1] c.n.eureka.DefaultEurekaServerContext    : Shut down
2024-05-15T10:15:30.137+05:30  INFO 15032 --- [ibm-clinic-eureka-server] [RMI TCP Connection(57)-127.0.0.1] com.netflix.discovery.DiscoveryClient    : Shutting down DiscoveryClient ...
2024-05-15T10:15:30.140+05:30  INFO 15032 --- [ibm-clinic-eureka-server] [RMI TCP Connection(57)-127.0.0.1] com.netflix.discovery.DiscoveryClient    : Completed shut down of DiscoveryClient
